[ 2017-02-25T01:51:13+08:00 ] 140.205.225.183 /
INFO: [ app_init ] --START--
INFO: Run Behavior\BuildLiteBehavior [ RunTime:0.000000s ]
INFO: [ app_init ] --END-- [ RunTime:0.000000s ]
INFO: [ app_begin ] --START--
INFO: Run Behavior\ReadHtmlCacheBehavior [ RunTime:0.000000s ]
INFO: [ app_begin ] --END-- [ RunTime:0.000000s ]
SQL: SHOW COLUMNS FROM `borrow_repayment` [ RunTime:0.0156s ]
SQL: UPDATE `borrow_repayment` SET `is_late`='0' WHERE ( real_repayment_time <= repayment_time ) [ RunTime:0.2031s ]
SQL: UPDATE `borrow_repayment` SET `is_late`='1' WHERE ( repayment_time < 1487952000 AND is_repayment = 0 OR real_repayment_time > repayment_time ) [ RunTime:0.0000s ]
NOTIC: [2] Division by zero E:\websoft\web\zhangxb\App\Home\Controller\CommonController.class.php 第 8 行.
NOTIC: [8] Undefined index: name E:\websoft\web\zhangxb\App\Home\Controller\CommonController.class.php 第 19 行.
INFO: [ view_parse ] --START--
INFO: [ template_filter ] --START--
INFO: Run Behavior\ContentReplaceBehavior [ RunTime:0.000000s ]
INFO: [ template_filter ] --END-- [ RunTime:0.000000s ]
INFO: Run Behavior\ParseTemplateBehavior [ RunTime:0.015623s ]
INFO: [ view_parse ] --END-- [ RunTime:0.015623s ]
INFO: [ view_filter ] --START--
INFO: Run Behavior\WriteHtmlCacheBehavior [ RunTime:0.000000s ]
INFO: [ view_filter ] --END-- [ RunTime:0.000000s ]

[ 2017-02-25T08:16:21+08:00 ] 45.77.8.215 /
INFO: [ app_init ] --START--
INFO: Run Behavior\BuildLiteBehavior [ RunTime:0.000000s ]
INFO: [ app_init ] --END-- [ RunTime:0.002930s ]
INFO: [ app_begin ] --START--
INFO: Run Behavior\ReadHtmlCacheBehavior [ RunTime:0.000000s ]
INFO: [ app_begin ] --END-- [ RunTime:0.000000s ]
SQL: SHOW COLUMNS FROM `borrow_repayment` [ RunTime:0.0068s ]
SQL: UPDATE `borrow_repayment` SET `is_late`='0' WHERE ( real_repayment_time <= repayment_time ) [ RunTime:0.0000s ]
SQL: UPDATE `borrow_repayment` SET `is_late`='1' WHERE ( repayment_time < 1487952000 AND is_repayment = 0 OR real_repayment_time > repayment_time ) [ RunTime:0.0000s ]
NOTIC: [2] Division by zero E:\websoft\web\zhangxb\App\Home\Controller\CommonController.class.php 第 8 行.
NOTIC: [8] Undefined index: name E:\websoft\web\zhangxb\App\Home\Controller\CommonController.class.php 第 19 行.
INFO: [ view_parse ] --START--
INFO: [ template_filter ] --START--
INFO: Run Behavior\ContentReplaceBehavior [ RunTime:0.000000s ]
INFO: [ template_filter ] --END-- [ RunTime:0.000000s ]
INFO: Run Behavior\ParseTemplateBehavior [ RunTime:0.012694s ]
INFO: [ view_parse ] --END-- [ RunTime:0.013671s ]
INFO: [ view_filter ] --START--
INFO: Run Behavior\WriteHtmlCacheBehavior [ RunTime:0.000000s ]
INFO: [ view_filter ] --END-- [ RunTime:0.000000s ]

[ 2017-02-25T08:16:27+08:00 ] 45.77.8.215 /index.php/Home/Login/index.html
INFO: [ app_init ] --START--
INFO: Run Behavior\BuildLiteBehavior [ RunTime:0.000000s ]
INFO: [ app_init ] --END-- [ RunTime:0.000000s ]
INFO: [ app_begin ] --START--
INFO: Run Behavior\ReadHtmlCacheBehavior [ RunTime:0.000000s ]
INFO: [ app_begin ] --END-- [ RunTime:0.000000s ]
INFO: [ view_parse ] --START--
INFO: [ template_filter ] --START--
INFO: Run Behavior\ContentReplaceBehavior [ RunTime:0.000000s ]
INFO: [ template_filter ] --END-- [ RunTime:0.000000s ]
NOTIC: [8] Undefined variable: SiteInfo E:\websoft\web\zhangxb\App\Runtime\Cache\Home\29043a4c167ab71e7ddaec218a6a2780.php 第 7 行.
NOTIC: [8] Undefined variable: SiteInfo E:\websoft\web\zhangxb\App\Runtime\Cache\Home\29043a4c167ab71e7ddaec218a6a2780.php 第 8 行.
NOTIC: [8] Undefined variable: str_2016 E:\websoft\web\zhangxb\App\Runtime\Cache\Home\29043a4c167ab71e7ddaec218a6a2780.php 第 270 行.
NOTIC: [8] Undefined variable: str_2015 E:\websoft\web\zhangxb\App\Runtime\Cache\Home\29043a4c167ab71e7ddaec218a6a2780.php 第 283 行.
INFO: Run Behavior\ParseTemplateBehavior [ RunTime:0.026366s ]
INFO: [ view_parse ] --END-- [ RunTime:0.026366s ]
INFO: [ view_filter ] --START--
INFO: Run Behavior\WriteHtmlCacheBehavior [ RunTime:0.000000s ]
INFO: [ view_filter ] --END-- [ RunTime:0.000000s ]
INFO: [ app_end ] --START--
INFO: Run Behavior\ShowPageTraceBehavior [ RunTime:0.000977s ]
INFO: [ app_end ] --END-- [ RunTime:0.000977s ]

[ 2017-02-25T08:16:35+08:00 ] 45.77.8.215 /index.php/Home/Login/login_act
INFO: [ app_init ] --START--
INFO: Run Behavior\BuildLiteBehavior [ RunTime:0.000000s ]
INFO: [ app_init ] --END-- [ RunTime:0.000000s ]
INFO: [ app_begin ] --START--
INFO: Run Behavior\ReadHtmlCacheBehavior [ RunTime:0.000977s ]
INFO: [ app_begin ] --END-- [ RunTime:0.000977s ]
SQL: SHOW COLUMNS FROM `admin` [ RunTime:0.0068s ]
SQL: SELECT * FROM `admin` WHERE ( name='administrator' AND password='646045fc4a584cd664815bf167a81368' ) LIMIT 1   [ RunTime:0.0000s ]
NOTIC: [8] A session had already been started - ignoring session_start() E:\websoft\web\zhangxb\ThinkPHP\Common\functions.php 第 1263 行.
INFO: [ view_parse ] --START--
INFO: [ template_filter ] --START--
INFO: Run Behavior\ContentReplaceBehavior [ RunTime:0.000000s ]
INFO: [ template_filter ] --END-- [ RunTime:0.000000s ]
INFO: Run Behavior\ParseTemplateBehavior [ RunTime:0.004882s ]
INFO: [ view_parse ] --END-- [ RunTime:0.004882s ]
INFO: [ view_filter ] --START--
INFO: Run Behavior\WriteHtmlCacheBehavior [ RunTime:0.000000s ]
INFO: [ view_filter ] --END-- [ RunTime:0.000977s ]
INFO: [ app_end ] --START--
INFO: Run Behavior\ShowPageTraceBehavior [ RunTime:0.000000s ]
INFO: [ app_end ] --END-- [ RunTime:0.000000s ]

[ 2017-02-25T08:16:36+08:00 ] 45.77.8.215 /
INFO: [ app_init ] --START--
INFO: Run Behavior\BuildLiteBehavior [ RunTime:0.000000s ]
INFO: [ app_init ] --END-- [ RunTime:0.000976s ]
INFO: [ app_begin ] --START--
INFO: Run Behavior\ReadHtmlCacheBehavior [ RunTime:0.000977s ]
INFO: [ app_begin ] --END-- [ RunTime:0.000977s ]
SQL: SHOW COLUMNS FROM `borrow_repayment` [ RunTime:0.0039s ]
SQL: UPDATE `borrow_repayment` SET `is_late`='0' WHERE ( real_repayment_time <= repayment_time ) [ RunTime:0.0000s ]
SQL: UPDATE `borrow_repayment` SET `is_late`='1' WHERE ( repayment_time < 1487952000 AND is_repayment = 0 OR real_repayment_time > repayment_time ) [ RunTime:0.0000s ]
NOTIC: [2] Division by zero E:\websoft\web\zhangxb\App\Home\Controller\CommonController.class.php 第 8 行.
SQL: SHOW COLUMNS FROM `borrow` [ RunTime:0.0059s ]
SQL: SELECT sum(borrow_money) FROM `borrow` LIMIT 1   [ RunTime:0.0000s ]
SQL: SELECT sum(borrow_procedures) FROM `borrow` LIMIT 1   [ RunTime:0.0000s ]
SQL: SELECT sum(borrow_procedures) FROM `borrow` WHERE ( is_procedures=1 ) LIMIT 1   [ RunTime:0.0010s ]
SQL: SELECT sum(borrow_interest) FROM `borrow` LIMIT 1   [ RunTime:0.0000s ]
SQL: SELECT `id`,`repayment_money`,`borrow_id` FROM `borrow_repayment` WHERE ( is_repayment = 0 AND repayment_time<1487981796 )  [ RunTime:0.0000s ]
SQL: SELECT `id`,`borrow_duration`,`borrow_interest`,`repayment_type` FROM `borrow`  [ RunTime:0.0010s ]
SQL: SELECT sum(late_penalty_money+late_interest_money) FROM `borrow_repayment` WHERE ( is_late_money =1 AND is_repayment_late_money = 0 ) LIMIT 1   [ RunTime:0.0000s ]
SQL: SELECT sum(late_penalty_money+late_interest_money) FROM `borrow_repayment` WHERE ( is_late_money =1  AND is_repayment_late_money = 1 ) LIMIT 1   [ RunTime:0.0000s ]
INFO: [ view_parse ] --START--
INFO: [ template_filter ] --START--
INFO: Run Behavior\ContentReplaceBehavior [ RunTime:0.000000s ]
INFO: [ template_filter ] --END-- [ RunTime:0.000000s ]
NOTIC: [8] Undefined variable: SiteInfo E:\websoft\web\zhangxb\App\Runtime\Cache\Home\00e52909bed743ea261af4b6823297ff.php 第 10 行.
NOTIC: [8] Undefined variable: SiteInfo E:\websoft\web\zhangxb\App\Runtime\Cache\Home\00e52909bed743ea261af4b6823297ff.php 第 11 行.
NOTIC: [2] number_format() expects parameter 1 to be double, string given E:\websoft\web\zhangxb\App\Common\Common\function.php 第 11 行.
NOTIC: [8] Undefined variable: str_2016 E:\websoft\web\zhangxb\App\Runtime\Cache\Home\00e52909bed743ea261af4b6823297ff.php 第 598 行.
NOTIC: [8] Undefined variable: str_2015 E:\websoft\web\zhangxb\App\Runtime\Cache\Home\00e52909bed743ea261af4b6823297ff.php 第 611 行.
INFO: Run Behavior\ParseTemplateBehavior [ RunTime:0.013671s ]
INFO: [ view_parse ] --END-- [ RunTime:0.013671s ]
INFO: [ view_filter ] --START--
INFO: Run Behavior\WriteHtmlCacheBehavior [ RunTime:0.000000s ]
INFO: [ view_filter ] --END-- [ RunTime:0.000000s ]
INFO: [ app_end ] --START--
INFO: Run Behavior\ShowPageTraceBehavior [ RunTime:0.000000s ]
INFO: [ app_end ] --END-- [ RunTime:0.000000s ]

[ 2017-02-25T08:16:40+08:00 ] 45.77.8.215 /index.php/Home/Index/ajaxquery?draw=1&columns%5B0%5D%5Bdata%5D=&columns%5B0%5D%5Bname%5D=&columns%5B0%5D%5Bsearchable%5D=true&columns%5B0%5D%5Borderable%5D=false&columns%5B0%5D%5Bsearch%5D%5Bvalue%5D=&columns%5B0%5D%5Bsearch%5D%5Bregex%5D=false&columns%5B1%5D%5Bdata%5D=id&columns%5B1%5D%5Bname%5D=&columns%5B1%5D%5Bsearchable%5D=true&columns%5B1%5D%5Borderable%5D=true&columns%5B1%5D%5Bsearch%5D%5Bvalue%5D=&columns%5B1%5D%5Bsearch%5D%5Bregex%5D=false&columns%5B2%5D%5Bdata%5D=borrow_number&columns%5B2%5D%5Bname%5D=&columns%5B2%5D%5Bsearchable%5D=true&columns%5B2%5D%5Borderable%5D=true&columns%5B2%5D%5Bsearch%5D%5Bvalue%5D=&columns%5B2%5D%5Bsearch%5D%5Bregex%5D=false&columns%5B3%5D%5Bdata%5D=name&columns%5B3%5D%5Bname%5D=&columns%5B3%5D%5Bsearchable%5D=true&columns%5B3%5D%5Borderable%5D=true&columns%5B3%5D%5Bsearch%5D%5Bvalue%5D=&columns%5B3%5D%5Bsearch%5D%5Bregex%5D=false&columns%5B4%5D%5Bdata%5D=repayment_money&columns%5B4%5D%5Bname%5D=&columns%5B4%5D%5Bsearchable%5D=true&columns%5B4%5D%5Borderable%5D=true&columns%5B4%5D%5Bsearch%5D%5Bvalue%5D=&columns%5B4%5D%5Bsearch%5D%5Bregex%5D=false&columns%5B5%5D%5Bdata%5D=repayment_time&columns%5B5%5D%5Bname%5D=&columns%5B5%5D%5Bsearchable%5D=true&columns%5B5%5D%5Borderable%5D=true&columns%5B5%5D%5Bsearch%5D%5Bvalue%5D=&columns%5B5%5D%5Bsearch%5D%5Bregex%5D=false&columns%5B6%5D%5Bdata%5D=real_repayment_time&columns%5B6%5D%5Bname%5D=&columns%5B6%5D%5Bsearchable%5D=true&columns%5B6%5D%5Borderable%5D=true&columns%5B6%5D%5Bsearch%5D%5Bvalue%5D=&columns%5B6%5D%5Bsearch%5D%5Bregex%5D=false&columns%5B7%5D%5Bdata%5D=is_late&columns%5B7%5D%5Bname%5D=&columns%5B7%5D%5Bsearchable%5D=true&columns%5B7%5D%5Borderable%5D=true&columns%5B7%5D%5Bsearch%5D%5Bvalue%5D=&columns%5B7%5D%5Bsearch%5D%5Bregex%5D=false&columns%5B8%5D%5Bdata%5D=action&columns%5B8%5D%5Bname%5D=&columns%5B8%5D%5Bsearchable%5D=true&columns%5B8%5D%5Borderable%5D=false&columns%5B8%5D%5Bsearch%5D%5Bvalue%5D=&columns%5B8%5D%5Bsearch%5D%5Bregex%5D=false&order%5B0%5D%5Bcolumn%5D=5&order%5B0%5D%5Bdir%5D=asc&start=0&length=50&search%5Bvalue%5D=&search%5Bregex%5D=false&_=1487981801952
INFO: [ app_init ] --START--
INFO: Run Behavior\BuildLiteBehavior [ RunTime:0.000000s ]
INFO: [ app_init ] --END-- [ RunTime:0.000976s ]
INFO: [ app_begin ] --START--
INFO: Run Behavior\ReadHtmlCacheBehavior [ RunTime:0.000977s ]
INFO: [ app_begin ] --END-- [ RunTime:0.000977s ]
SQL: SHOW COLUMNS FROM `borrow_repayment` [ RunTime:0.0039s ]
SQL: UPDATE `borrow_repayment` SET `is_late`='0' WHERE ( real_repayment_time <= repayment_time ) [ RunTime:0.0000s ]
SQL: UPDATE `borrow_repayment` SET `is_late`='1' WHERE ( repayment_time < 1487952000 AND is_repayment = 0 OR real_repayment_time > repayment_time ) [ RunTime:0.0010s ]
NOTIC: [2] Division by zero E:\websoft\web\zhangxb\App\Home\Controller\CommonController.class.php 第 8 行.
NOTIC: [2] Missing argument 2 for Home\Model\IndexModel::m_frist_and_last(), called in E:\websoft\web\zhangxb\App\Home\Controller\IndexController.class.php on line 32 and defined E:\websoft\web\zhangxb\App\Home\Model\IndexModel.class.php 第 68 行.
NOTIC: [8] Undefined variable: y E:\websoft\web\zhangxb\App\Home\Model\IndexModel.class.php 第 69 行.
SQL: SHOW COLUMNS FROM `borrow_repayment` [ RunTime:0.0039s ]
SQL: SELECT r.*,u.name,u.id as uid,b.borrow_number FROM `borrow_repayment` `r`,`borrow` `b`,`user` `u` WHERE ( r.borrow_uid = u.id AND r.borrow_id = b.id  AND repayment_time>=1485878400 AND repayment_time<1488297599 ) ORDER BY repayment_time asc LIMIT 0,50   [ RunTime:0.0059s ]
SQL: SHOW COLUMNS FROM `borrow_repayment` [ RunTime:0.0039s ]
SQL: SELECT COUNT(*) AS tp_count FROM `borrow_repayment` `r`,`borrow` `b`,`user` `u` WHERE ( r.borrow_uid = u.id AND r.borrow_id = b.id AND repayment_time>=1485878400 AND repayment_time<1488297599 ) LIMIT 1   [ RunTime:0.0000s ]

[ 2017-02-25T08:16:40+08:00 ] 45.77.8.215 /index.php/Home/Index/richeng/m/2/y/2017
INFO: [ app_init ] --START--
INFO: Run Behavior\BuildLiteBehavior [ RunTime:0.000000s ]
INFO: [ app_init ] --END-- [ RunTime:0.000000s ]
INFO: [ app_begin ] --START--
INFO: Run Behavior\ReadHtmlCacheBehavior [ RunTime:0.000000s ]
INFO: [ app_begin ] --END-- [ RunTime:0.000000s ]
SQL: SHOW COLUMNS FROM `borrow_repayment` [ RunTime:0.0049s ]
SQL: UPDATE `borrow_repayment` SET `is_late`='0' WHERE ( real_repayment_time <= repayment_time ) [ RunTime:0.0000s ]
SQL: UPDATE `borrow_repayment` SET `is_late`='1' WHERE ( repayment_time < 1487952000 AND is_repayment = 0 OR real_repayment_time > repayment_time ) [ RunTime:0.0010s ]
NOTIC: [2] Division by zero E:\websoft\web\zhangxb\App\Home\Controller\CommonController.class.php 第 8 行.
SQL: SHOW COLUMNS FROM `borrow_repayment` [ RunTime:0.0039s ]
SQL: SELECT r.*,u.name,b.borrow_money,b.borrow_duration FROM `borrow_repayment` `r`,`borrow` `b`,`user` `u` WHERE ( r.borrow_uid = u.id AND r.borrow_id = b.id  AND r.repayment_time>=1485878400 AND repayment_time<1488297599 )  [ RunTime:0.0000s ]

